<?xml version="1.0" encoding="UTF-8"?>
<coverage generated="1647906379068" clover="3.2.0">
  <project timestamp="1647906379068" name="All files">
    <metrics statements="162" coveredstatements="138" conditionals="26" coveredconditionals="16" methods="85" coveredmethods="73" elements="273" coveredelements="227" complexity="0" loc="162" ncloc="162" packages="7" files="25" classes="25"/>
    <package name="components.feedback">
      <metrics statements="30" coveredstatements="23" conditionals="5" coveredconditionals="2" methods="12" coveredmethods="8"/>
      <file name="Error.jsx" path="/home/frank/WebProjects/olympic-games/apps/client/src/components/feedback/Error.jsx">
        <metrics statements="3" coveredstatements="3" conditionals="0" coveredconditionals="0" methods="1" coveredmethods="1"/>
        <line num="7" count="2" type="stmt"/>
        <line num="8" count="1" type="stmt"/>
        <line num="10" count="1" type="stmt"/>
      </file>
      <file name="Error.styles.js" path="/home/frank/WebProjects/olympic-games/apps/client/src/components/feedback/Error.styles.js">
        <metrics statements="1" coveredstatements="1" conditionals="0" coveredconditionals="0" methods="0" coveredmethods="0"/>
        <line num="3" count="2" type="stmt"/>
      </file>
      <file name="Progress.jsx" path="/home/frank/WebProjects/olympic-games/apps/client/src/components/feedback/Progress.jsx">
        <metrics statements="2" coveredstatements="2" conditionals="0" coveredconditionals="0" methods="1" coveredmethods="1"/>
        <line num="5" count="2" type="stmt"/>
        <line num="6" count="1" type="stmt"/>
      </file>
      <file name="Progress.styles.jsx" path="/home/frank/WebProjects/olympic-games/apps/client/src/components/feedback/Progress.styles.jsx">
        <metrics statements="4" coveredstatements="4" conditionals="0" coveredconditionals="0" methods="1" coveredmethods="1"/>
        <line num="3" count="2" type="stmt"/>
        <line num="4" count="2" type="stmt"/>
        <line num="13" count="2" type="stmt"/>
        <line num="15" count="1" type="stmt"/>
      </file>
      <file name="Typography.jsx" path="/home/frank/WebProjects/olympic-games/apps/client/src/components/feedback/Typography.jsx">
        <metrics statements="8" coveredstatements="5" conditionals="5" coveredconditionals="2" methods="1" coveredmethods="1"/>
        <line num="5" count="2" type="stmt"/>
        <line num="6" count="25" type="stmt"/>
        <line num="8" count="25" type="cond" truecount="2" falsecount="3"/>
        <line num="10" count="0" type="stmt"/>
        <line num="12" count="0" type="stmt"/>
        <line num="14" count="16" type="stmt"/>
        <line num="16" count="9" type="stmt"/>
        <line num="18" count="0" type="stmt"/>
      </file>
      <file name="Typography.styles.js" path="/home/frank/WebProjects/olympic-games/apps/client/src/components/feedback/Typography.styles.js">
        <metrics statements="12" coveredstatements="8" conditionals="0" coveredconditionals="0" methods="8" coveredmethods="4"/>
        <line num="3" count="2" type="stmt"/>
        <line num="4" count="0" type="stmt"/>
        <line num="6" count="0" type="stmt"/>
        <line num="9" count="2" type="stmt"/>
        <line num="10" count="0" type="stmt"/>
        <line num="12" count="0" type="stmt"/>
        <line num="15" count="2" type="stmt"/>
        <line num="16" count="16" type="stmt"/>
        <line num="17" count="16" type="stmt"/>
        <line num="20" count="2" type="stmt"/>
        <line num="21" count="9" type="stmt"/>
        <line num="22" count="9" type="stmt"/>
      </file>
      <file name="index.js" path="/home/frank/WebProjects/olympic-games/apps/client/src/components/feedback/index.js">
        <metrics statements="0" coveredstatements="0" conditionals="0" coveredconditionals="0" methods="0" coveredmethods="0"/>
      </file>
    </package>
    <package name="features.athletes">
      <metrics statements="3" coveredstatements="3" conditionals="0" coveredconditionals="0" methods="1" coveredmethods="1"/>
      <file name="queries.js" path="/home/frank/WebProjects/olympic-games/apps/client/src/features/athletes/queries.js">
        <metrics statements="2" coveredstatements="2" conditionals="0" coveredconditionals="0" methods="0" coveredmethods="0"/>
        <line num="1" count="1" type="stmt"/>
        <line num="25" count="1" type="stmt"/>
      </file>
      <file name="utils.js" path="/home/frank/WebProjects/olympic-games/apps/client/src/features/athletes/utils.js">
        <metrics statements="1" coveredstatements="1" conditionals="0" coveredconditionals="0" methods="1" coveredmethods="1"/>
        <line num="2" count="11" type="stmt"/>
      </file>
    </package>
    <package name="features.athletes.components">
      <metrics statements="102" coveredstatements="101" conditionals="16" coveredconditionals="14" methods="63" coveredmethods="63"/>
      <file name="AthleteDetail.jsx" path="/home/frank/WebProjects/olympic-games/apps/client/src/features/athletes/components/AthleteDetail.jsx">
        <metrics statements="4" coveredstatements="4" conditionals="0" coveredconditionals="0" methods="2" coveredmethods="2"/>
        <line num="20" count="1" type="stmt"/>
        <line num="21" count="8" type="stmt"/>
        <line num="23" count="8" type="stmt"/>
        <line num="55" count="8" type="stmt"/>
      </file>
      <file name="AthleteDetail.styles.js" path="/home/frank/WebProjects/olympic-games/apps/client/src/features/athletes/components/AthleteDetail.styles.js">
        <metrics statements="42" coveredstatements="42" conditionals="0" coveredconditionals="0" methods="30" coveredmethods="30"/>
        <line num="6" count="1" type="stmt"/>
        <line num="11" count="1" type="stmt"/>
        <line num="12" count="24" type="stmt"/>
        <line num="15" count="1" type="stmt"/>
        <line num="19" count="8" type="stmt"/>
        <line num="21" count="8" type="stmt"/>
        <line num="27" count="1" type="stmt"/>
        <line num="28" count="8" type="stmt"/>
        <line num="30" count="8" type="stmt"/>
        <line num="31" count="8" type="stmt"/>
        <line num="36" count="1" type="stmt"/>
        <line num="42" count="8" type="stmt"/>
        <line num="48" count="1" type="stmt"/>
        <line num="52" count="8" type="stmt"/>
        <line num="57" count="1" type="stmt"/>
        <line num="58" count="32" type="stmt"/>
        <line num="61" count="1" type="stmt"/>
        <line num="63" count="8" type="stmt"/>
        <line num="64" count="8" type="stmt"/>
        <line num="65" count="8" type="stmt"/>
        <line num="69" count="8" type="stmt"/>
        <line num="70" count="8" type="stmt"/>
        <line num="71" count="8" type="stmt"/>
        <line num="75" count="8" type="stmt"/>
        <line num="76" count="8" type="stmt"/>
        <line num="77" count="8" type="stmt"/>
        <line num="81" count="8" type="stmt"/>
        <line num="82" count="8" type="stmt"/>
        <line num="83" count="8" type="stmt"/>
        <line num="91" count="8" type="stmt"/>
        <line num="95" count="8" type="stmt"/>
        <line num="99" count="1" type="stmt"/>
        <line num="101" count="8" type="stmt"/>
        <line num="104" count="1" type="stmt"/>
        <line num="105" count="32" type="stmt"/>
        <line num="106" count="32" type="stmt"/>
        <line num="107" count="32" type="stmt"/>
        <line num="110" count="1" type="stmt"/>
        <line num="111" count="32" type="stmt"/>
        <line num="112" count="32" type="stmt"/>
        <line num="115" count="1" type="stmt"/>
        <line num="116" count="24" type="stmt"/>
      </file>
      <file name="AthleteThumbnailItem.jsx" path="/home/frank/WebProjects/olympic-games/apps/client/src/features/athletes/components/AthleteThumbnailItem.jsx">
        <metrics statements="3" coveredstatements="3" conditionals="0" coveredconditionals="0" methods="1" coveredmethods="1"/>
        <line num="6" count="1" type="stmt"/>
        <line num="7" count="3" type="stmt"/>
        <line num="9" count="3" type="stmt"/>
      </file>
      <file name="AthleteThumbnailItem.styles.js" path="/home/frank/WebProjects/olympic-games/apps/client/src/features/athletes/components/AthleteThumbnailItem.styles.js">
        <metrics statements="8" coveredstatements="8" conditionals="0" coveredconditionals="0" methods="5" coveredmethods="5"/>
        <line num="4" count="1" type="stmt"/>
        <line num="5" count="3" type="stmt"/>
        <line num="8" count="1" type="stmt"/>
        <line num="13" count="3" type="stmt"/>
        <line num="19" count="1" type="stmt"/>
        <line num="20" count="3" type="stmt"/>
        <line num="21" count="3" type="stmt"/>
        <line num="22" count="3" type="stmt"/>
      </file>
      <file name="AthletesByGameList.jsx" path="/home/frank/WebProjects/olympic-games/apps/client/src/features/athletes/components/AthletesByGameList.jsx">
        <metrics statements="8" coveredstatements="8" conditionals="10" coveredconditionals="9" methods="2" coveredmethods="2"/>
        <line num="8" count="1" type="stmt"/>
        <line num="9" count="5" type="stmt"/>
        <line num="11" count="5" type="cond" truecount="4" falsecount="0"/>
        <line num="12" count="1" type="stmt"/>
        <line num="19" count="4" type="cond" truecount="2" falsecount="0"/>
        <line num="20" count="1" type="stmt"/>
        <line num="23" count="3" type="stmt"/>
        <line num="25" count="6" type="stmt"/>
      </file>
      <file name="AthletesByGameList.styles.js" path="/home/frank/WebProjects/olympic-games/apps/client/src/features/athletes/components/AthletesByGameList.styles.js">
        <metrics statements="8" coveredstatements="8" conditionals="0" coveredconditionals="0" methods="6" coveredmethods="6"/>
        <line num="3" count="1" type="stmt"/>
        <line num="10" count="1" type="stmt"/>
        <line num="16" count="2" type="stmt"/>
        <line num="17" count="2" type="stmt"/>
        <line num="18" count="2" type="stmt"/>
        <line num="19" count="2" type="stmt"/>
        <line num="24" count="2" type="stmt"/>
        <line num="25" count="2" type="stmt"/>
      </file>
      <file name="GameResultsItem.jsx" path="/home/frank/WebProjects/olympic-games/apps/client/src/features/athletes/components/GameResultsItem.jsx">
        <metrics statements="3" coveredstatements="3" conditionals="2" coveredconditionals="2" methods="2" coveredmethods="2"/>
        <line num="6" count="1" type="stmt"/>
        <line num="7" count="6" type="stmt"/>
        <line num="16" count="3" type="stmt"/>
      </file>
      <file name="GameResultsItem.styles.js" path="/home/frank/WebProjects/olympic-games/apps/client/src/features/athletes/components/GameResultsItem.styles.js">
        <metrics statements="14" coveredstatements="14" conditionals="0" coveredconditionals="0" methods="9" coveredmethods="9"/>
        <line num="4" count="1" type="stmt"/>
        <line num="5" count="6" type="stmt"/>
        <line num="9" count="1" type="stmt"/>
        <line num="10" count="6" type="stmt"/>
        <line num="11" count="6" type="stmt"/>
        <line num="12" count="6" type="stmt"/>
        <line num="15" count="1" type="stmt"/>
        <line num="16" count="3" type="stmt"/>
        <line num="17" count="3" type="stmt"/>
        <line num="21" count="1" type="stmt"/>
        <line num="30" count="6" type="stmt"/>
        <line num="38" count="6" type="stmt"/>
        <line num="42" count="6" type="stmt"/>
        <line num="50" count="1" type="stmt"/>
      </file>
      <file name="MedalResult.jsx" path="/home/frank/WebProjects/olympic-games/apps/client/src/features/athletes/components/MedalResult.jsx">
        <metrics statements="7" coveredstatements="6" conditionals="4" coveredconditionals="3" methods="2" coveredmethods="2"/>
        <line num="9" count="27" type="cond" truecount="3" falsecount="1"/>
        <line num="11" count="9" type="stmt"/>
        <line num="13" count="9" type="stmt"/>
        <line num="15" count="9" type="stmt"/>
        <line num="17" count="0" type="stmt"/>
        <line num="21" count="2" type="stmt"/>
        <line num="22" count="27" type="stmt"/>
      </file>
      <file name="MedalResult.styles.js" path="/home/frank/WebProjects/olympic-games/apps/client/src/features/athletes/components/MedalResult.styles.js">
        <metrics statements="5" coveredstatements="5" conditionals="0" coveredconditionals="0" methods="4" coveredmethods="4"/>
        <line num="3" count="2" type="stmt"/>
        <line num="8" count="27" type="stmt"/>
        <line num="11" count="27" type="stmt"/>
        <line num="12" count="27" type="stmt"/>
        <line num="18" count="27" type="stmt"/>
      </file>
    </package>
    <package name="features.athletes.contexts">
      <metrics statements="4" coveredstatements="2" conditionals="0" coveredconditionals="0" methods="1" coveredmethods="0"/>
      <file name="AthletesByGameContext.jsx" path="/home/frank/WebProjects/olympic-games/apps/client/src/features/athletes/contexts/AthletesByGameContext.jsx">
        <metrics statements="4" coveredstatements="2" conditionals="0" coveredconditionals="0" methods="1" coveredmethods="0"/>
        <line num="3" count="1" type="stmt"/>
        <line num="5" count="1" type="stmt"/>
        <line num="6" count="0" type="stmt"/>
        <line num="8" count="0" type="stmt"/>
      </file>
    </package>
    <package name="features.athletes.hooks">
      <metrics statements="8" coveredstatements="2" conditionals="1" coveredconditionals="0" methods="4" coveredmethods="0"/>
      <file name="useAthletesByGameQuery.js" path="/home/frank/WebProjects/olympic-games/apps/client/src/features/athletes/hooks/useAthletesByGameQuery.js">
        <metrics statements="8" coveredstatements="2" conditionals="1" coveredconditionals="0" methods="4" coveredmethods="0"/>
        <line num="8" count="1" type="stmt"/>
        <line num="10" count="1" type="stmt"/>
        <line num="20" count="0" type="stmt"/>
        <line num="34" count="0" type="stmt"/>
        <line num="35" count="0" type="cond" truecount="0" falsecount="1"/>
        <line num="43" count="0" type="stmt"/>
        <line num="46" count="0" type="stmt"/>
        <line num="51" count="0" type="stmt"/>
      </file>
    </package>
    <package name="styles">
      <metrics statements="4" coveredstatements="2" conditionals="0" coveredconditionals="0" methods="2" coveredmethods="0"/>
      <file name="Normalize.styles.jsx" path="/home/frank/WebProjects/olympic-games/apps/client/src/styles/Normalize.styles.jsx">
        <metrics statements="3" coveredstatements="1" conditionals="0" coveredconditionals="0" methods="2" coveredmethods="0"/>
        <line num="3" count="3" type="stmt"/>
        <line num="31" count="0" type="stmt"/>
        <line num="35" count="0" type="stmt"/>
      </file>
      <file name="index.js" path="/home/frank/WebProjects/olympic-games/apps/client/src/styles/index.js">
        <metrics statements="0" coveredstatements="0" conditionals="0" coveredconditionals="0" methods="0" coveredmethods="0"/>
      </file>
      <file name="theme.js" path="/home/frank/WebProjects/olympic-games/apps/client/src/styles/theme.js">
        <metrics statements="1" coveredstatements="1" conditionals="0" coveredconditionals="0" methods="0" coveredmethods="0"/>
        <line num="1" count="3" type="stmt"/>
      </file>
    </package>
    <package name="utils">
      <metrics statements="11" coveredstatements="5" conditionals="4" coveredconditionals="0" methods="2" coveredmethods="1"/>
      <file name="errors.js" path="/home/frank/WebProjects/olympic-games/apps/client/src/utils/errors.js">
        <metrics statements="11" coveredstatements="5" conditionals="4" coveredconditionals="0" methods="2" coveredmethods="1"/>
        <line num="1" count="2" type="stmt"/>
        <line num="7" count="1" type="stmt"/>
        <line num="8" count="1" type="stmt"/>
        <line num="9" count="1" type="stmt"/>
        <line num="10" count="0" type="stmt"/>
        <line num="12" count="0" type="cond" truecount="0" falsecount="2"/>
        <line num="13" count="0" type="stmt"/>
        <line num="16" count="0" type="cond" truecount="0" falsecount="2"/>
        <line num="18" count="0" type="stmt"/>
        <line num="20" count="0" type="stmt"/>
        <line num="23" count="1" type="stmt"/>
      </file>
    </package>
  </project>
</coverage>
