{"/home/frank/WebProjects/olympic-games/apps/client/src/components/feedback/Error.jsx": {"path":"/home/frank/WebProjects/olympic-games/apps/client/src/components/feedback/Error.jsx","statementMap":{"0":{"start":{"line":7,"column":14},"end":{"line":15,"column":1}},"1":{"start":{"line":8,"column":23},"end":{"line":8,"column":48}},"2":{"start":{"line":10,"column":2},"end":{"line":14,"column":3}}},"fnMap":{"0":{"name":"(anonymous_0)","decl":{"start":{"line":7,"column":14},"end":{"line":7,"column":15}},"loc":{"start":{"line":7,"column":27},"end":{"line":15,"column":1}},"line":7}},"branchMap":{},"s":{"0":2,"1":1,"2":1},"f":{"0":1},"b":{},"_coverageSchema":"1a1c01bbd47fc00a2c39e90264f33305004495a9","hash":"9ac68531db62ae9f62a4ba2196be79d0d90ae6e5"}
,"/home/frank/WebProjects/olympic-games/apps/client/src/components/feedback/Error.styles.js": {"path":"/home/frank/WebProjects/olympic-games/apps/client/src/components/feedback/Error.styles.js","statementMap":{"0":{"start":{"line":3,"column":16},"end":{"line":8,"column":1}}},"fnMap":{},"branchMap":{},"s":{"0":2},"f":{},"b":{},"_coverageSchema":"1a1c01bbd47fc00a2c39e90264f33305004495a9","hash":"7a1f4410baf205ff51587fe44f3fcd653be14181"}
,"/home/frank/WebProjects/olympic-games/apps/client/src/components/feedback/Progress.jsx": {"path":"/home/frank/WebProjects/olympic-games/apps/client/src/components/feedback/Progress.jsx","statementMap":{"0":{"start":{"line":5,"column":17},"end":{"line":10,"column":1}},"1":{"start":{"line":6,"column":2},"end":{"line":9,"column":12}}},"fnMap":{"0":{"name":"(anonymous_0)","decl":{"start":{"line":5,"column":17},"end":{"line":5,"column":18}},"loc":{"start":{"line":6,"column":2},"end":{"line":9,"column":12}},"line":6}},"branchMap":{},"s":{"0":2,"1":1},"f":{"0":1},"b":{},"_coverageSchema":"1a1c01bbd47fc00a2c39e90264f33305004495a9","hash":"9fe59790d89aa42e3f890074893e36710b11a9ba"}
,"/home/frank/WebProjects/olympic-games/apps/client/src/components/feedback/Progress.styles.jsx": {"path":"/home/frank/WebProjects/olympic-games/apps/client/src/components/feedback/Progress.styles.jsx","statementMap":{"0":{"start":{"line":3,"column":15},"end":{"line":3,"column":18}},"1":{"start":{"line":4,"column":13},"end":{"line":11,"column":1}},"2":{"start":{"line":13,"column":16},"end":{"line":30,"column":1}},"3":{"start":{"line":15,"column":23},"end":{"line":15,"column":49}}},"fnMap":{"0":{"name":"(anonymous_0)","decl":{"start":{"line":15,"column":12},"end":{"line":15,"column":13}},"loc":{"start":{"line":15,"column":23},"end":{"line":15,"column":49}},"line":15}},"branchMap":{},"s":{"0":2,"1":2,"2":2,"3":1},"f":{"0":1},"b":{},"_coverageSchema":"1a1c01bbd47fc00a2c39e90264f33305004495a9","hash":"b6768fd910c51deec3c0782790271dfd1ba87dde"}
,"/home/frank/WebProjects/olympic-games/apps/client/src/components/feedback/Typography.jsx": {"path":"/home/frank/WebProjects/olympic-games/apps/client/src/components/feedback/Typography.jsx","statementMap":{"0":{"start":{"line":5,"column":19},"end":{"line":20,"column":1}},"1":{"start":{"line":6,"column":16},"end":{"line":6,"column":29}},"2":{"start":{"line":8,"column":2},"end":{"line":19,"column":3}},"3":{"start":{"line":10,"column":6},"end":{"line":10,"column":43}},"4":{"start":{"line":12,"column":6},"end":{"line":12,"column":43}},"5":{"start":{"line":14,"column":6},"end":{"line":14,"column":43}},"6":{"start":{"line":16,"column":6},"end":{"line":16,"column":43}},"7":{"start":{"line":18,"column":6},"end":{"line":18,"column":43}}},"fnMap":{"0":{"name":"(anonymous_0)","decl":{"start":{"line":5,"column":19},"end":{"line":5,"column":20}},"loc":{"start":{"line":5,"column":53},"end":{"line":20,"column":1}},"line":5}},"branchMap":{"0":{"loc":{"start":{"line":8,"column":2},"end":{"line":19,"column":3}},"type":"switch","locations":[{"start":{"line":9,"column":4},"end":{"line":10,"column":43}},{"start":{"line":11,"column":4},"end":{"line":12,"column":43}},{"start":{"line":13,"column":4},"end":{"line":14,"column":43}},{"start":{"line":15,"column":4},"end":{"line":16,"column":43}},{"start":{"line":17,"column":4},"end":{"line":18,"column":43}}],"line":8}},"s":{"0":2,"1":25,"2":25,"3":0,"4":0,"5":16,"6":9,"7":0},"f":{"0":25},"b":{"0":[0,0,16,9,0]},"_coverageSchema":"1a1c01bbd47fc00a2c39e90264f33305004495a9","hash":"b613a261e13e6032b03172bfa5e8f034031bdb56"}
,"/home/frank/WebProjects/olympic-games/apps/client/src/components/feedback/Typography.styles.js": {"path":"/home/frank/WebProjects/olympic-games/apps/client/src/components/feedback/Typography.styles.js","statementMap":{"0":{"start":{"line":3,"column":11},"end":{"line":7,"column":1}},"1":{"start":{"line":4,"column":26},"end":{"line":4,"column":50}},"2":{"start":{"line":6,"column":22},"end":{"line":6,"column":46}},"3":{"start":{"line":9,"column":11},"end":{"line":13,"column":1}},"4":{"start":{"line":10,"column":26},"end":{"line":10,"column":49}},"5":{"start":{"line":12,"column":22},"end":{"line":12,"column":46}},"6":{"start":{"line":15,"column":11},"end":{"line":18,"column":1}},"7":{"start":{"line":16,"column":26},"end":{"line":16,"column":49}},"8":{"start":{"line":17,"column":22},"end":{"line":17,"column":46}},"9":{"start":{"line":20,"column":11},"end":{"line":23,"column":1}},"10":{"start":{"line":21,"column":26},"end":{"line":21,"column":49}},"11":{"start":{"line":22,"column":22},"end":{"line":22,"column":46}}},"fnMap":{"0":{"name":"(anonymous_0)","decl":{"start":{"line":4,"column":15},"end":{"line":4,"column":16}},"loc":{"start":{"line":4,"column":26},"end":{"line":4,"column":50}},"line":4},"1":{"name":"(anonymous_1)","decl":{"start":{"line":6,"column":11},"end":{"line":6,"column":12}},"loc":{"start":{"line":6,"column":22},"end":{"line":6,"column":46}},"line":6},"2":{"name":"(anonymous_2)","decl":{"start":{"line":10,"column":15},"end":{"line":10,"column":16}},"loc":{"start":{"line":10,"column":26},"end":{"line":10,"column":49}},"line":10},"3":{"name":"(anonymous_3)","decl":{"start":{"line":12,"column":11},"end":{"line":12,"column":12}},"loc":{"start":{"line":12,"column":22},"end":{"line":12,"column":46}},"line":12},"4":{"name":"(anonymous_4)","decl":{"start":{"line":16,"column":15},"end":{"line":16,"column":16}},"loc":{"start":{"line":16,"column":26},"end":{"line":16,"column":49}},"line":16},"5":{"name":"(anonymous_5)","decl":{"start":{"line":17,"column":11},"end":{"line":17,"column":12}},"loc":{"start":{"line":17,"column":22},"end":{"line":17,"column":46}},"line":17},"6":{"name":"(anonymous_6)","decl":{"start":{"line":21,"column":15},"end":{"line":21,"column":16}},"loc":{"start":{"line":21,"column":26},"end":{"line":21,"column":49}},"line":21},"7":{"name":"(anonymous_7)","decl":{"start":{"line":22,"column":11},"end":{"line":22,"column":12}},"loc":{"start":{"line":22,"column":22},"end":{"line":22,"column":46}},"line":22}},"branchMap":{},"s":{"0":2,"1":0,"2":0,"3":2,"4":0,"5":0,"6":2,"7":16,"8":16,"9":2,"10":9,"11":9},"f":{"0":0,"1":0,"2":0,"3":0,"4":16,"5":16,"6":9,"7":9},"b":{},"_coverageSchema":"1a1c01bbd47fc00a2c39e90264f33305004495a9","hash":"3ac15eaf6ed08fcb572fdbfb3abc5ae64152f951"}
,"/home/frank/WebProjects/olympic-games/apps/client/src/components/feedback/index.js": {"path":"/home/frank/WebProjects/olympic-games/apps/client/src/components/feedback/index.js","statementMap":{},"fnMap":{},"branchMap":{},"s":{},"f":{},"b":{},"_coverageSchema":"1a1c01bbd47fc00a2c39e90264f33305004495a9","hash":"b2608467f268516ac3f189a9bb290d079f6edbb1"}
,"/home/frank/WebProjects/olympic-games/apps/client/src/features/athletes/queries.js": {"path":"/home/frank/WebProjects/olympic-games/apps/client/src/features/athletes/queries.js","statementMap":{"0":{"start":{"line":1,"column":42},"end":{"line":23,"column":1}},"1":{"start":{"line":25,"column":27},"end":{"line":50,"column":1}}},"fnMap":{},"branchMap":{},"s":{"0":1,"1":1},"f":{},"b":{},"_coverageSchema":"1a1c01bbd47fc00a2c39e90264f33305004495a9","hash":"9dc40dbc866ef8c71cf6f8ff9a67619f092ca070"}
,"/home/frank/WebProjects/olympic-games/apps/client/src/features/athletes/utils.js": {"path":"/home/frank/WebProjects/olympic-games/apps/client/src/features/athletes/utils.js","statementMap":{"0":{"start":{"line":2,"column":2},"end":{"line":2,"column":45}}},"fnMap":{"0":{"name":"getAthleteFullName","decl":{"start":{"line":1,"column":9},"end":{"line":1,"column":27}},"loc":{"start":{"line":1,"column":38},"end":{"line":3,"column":1}},"line":1}},"branchMap":{},"s":{"0":11},"f":{"0":11},"b":{},"_coverageSchema":"1a1c01bbd47fc00a2c39e90264f33305004495a9","hash":"a09897f8e0f1050aedbe1ed12c4d662f366fc61f"}
,"/home/frank/WebProjects/olympic-games/apps/client/src/features/athletes/components/AthleteDetail.jsx": {"path":"/home/frank/WebProjects/olympic-games/apps/client/src/features/athletes/components/AthleteDetail.jsx","statementMap":{"0":{"start":{"line":20,"column":22},"end":{"line":77,"column":1}},"1":{"start":{"line":21,"column":19},"end":{"line":21,"column":46}},"2":{"start":{"line":23,"column":2},"end":{"line":76,"column":3}},"3":{"start":{"line":55,"column":12},"end":{"line":63,"column":17}}},"fnMap":{"0":{"name":"(anonymous_0)","decl":{"start":{"line":20,"column":22},"end":{"line":20,"column":23}},"loc":{"start":{"line":20,"column":39},"end":{"line":77,"column":1}},"line":20},"1":{"name":"(anonymous_1)","decl":{"start":{"line":54,"column":31},"end":{"line":54,"column":32}},"loc":{"start":{"line":55,"column":12},"end":{"line":63,"column":17}},"line":55}},"branchMap":{},"s":{"0":1,"1":8,"2":8,"3":8},"f":{"0":8,"1":8},"b":{},"_coverageSchema":"1a1c01bbd47fc00a2c39e90264f33305004495a9","hash":"5de16214186152358d28cf65c21fd255158cf49d"}
,"/home/frank/WebProjects/olympic-games/apps/client/src/features/athletes/components/AthleteDetail.styles.js": {"path":"/home/frank/WebProjects/olympic-games/apps/client/src/features/athletes/components/AthleteDetail.styles.js","statementMap":{"0":{"start":{"line":6,"column":16},"end":{"line":9,"column":1}},"1":{"start":{"line":11,"column":30},"end":{"line":13,"column":1}},"2":{"start":{"line":12,"column":30},"end":{"line":12,"column":52}},"3":{"start":{"line":15,"column":39},"end":{"line":25,"column":1}},"4":{"start":{"line":19,"column":30},"end":{"line":19,"column":52}},"5":{"start":{"line":21,"column":50},"end":{"line":21,"column":74}},"6":{"start":{"line":27,"column":28},"end":{"line":34,"column":1}},"7":{"start":{"line":28,"column":29},"end":{"line":28,"column":51}},"8":{"start":{"line":30,"column":50},"end":{"line":30,"column":74}},"9":{"start":{"line":31,"column":32},"end":{"line":31,"column":54}},"10":{"start":{"line":36,"column":26},"end":{"line":46,"column":1}},"11":{"start":{"line":42,"column":50},"end":{"line":42,"column":74}},"12":{"start":{"line":48,"column":35},"end":{"line":55,"column":1}},"13":{"start":{"line":52,"column":50},"end":{"line":52,"column":74}},"14":{"start":{"line":57,"column":20},"end":{"line":59,"column":1}},"15":{"start":{"line":58,"column":30},"end":{"line":58,"column":52}},"16":{"start":{"line":61,"column":19},"end":{"line":97,"column":1}},"17":{"start":{"line":63,"column":28},"end":{"line":63,"column":51}},"18":{"start":{"line":64,"column":24},"end":{"line":64,"column":48}},"19":{"start":{"line":65,"column":32},"end":{"line":65,"column":54}},"20":{"start":{"line":69,"column":28},"end":{"line":69,"column":51}},"21":{"start":{"line":70,"column":24},"end":{"line":70,"column":48}},"22":{"start":{"line":71,"column":32},"end":{"line":71,"column":54}},"23":{"start":{"line":75,"column":28},"end":{"line":75,"column":51}},"24":{"start":{"line":76,"column":24},"end":{"line":76,"column":48}},"25":{"start":{"line":77,"column":32},"end":{"line":77,"column":54}},"26":{"start":{"line":81,"column":26},"end":{"line":81,"column":49}},"27":{"start":{"line":82,"column":22},"end":{"line":82,"column":46}},"28":{"start":{"line":83,"column":30},"end":{"line":83,"column":52}},"29":{"start":{"line":91,"column":32},"end":{"line":91,"column":54}},"30":{"start":{"line":95,"column":29},"end":{"line":95,"column":51}},"31":{"start":{"line":99,"column":22},"end":{"line":102,"column":1}},"32":{"start":{"line":101,"column":30},"end":{"line":101,"column":52}},"33":{"start":{"line":104,"column":17},"end":{"line":108,"column":1}},"34":{"start":{"line":105,"column":26},"end":{"line":105,"column":49}},"35":{"start":{"line":106,"column":30},"end":{"line":106,"column":53}},"36":{"start":{"line":107,"column":22},"end":{"line":107,"column":46}},"37":{"start":{"line":110,"column":17},"end":{"line":113,"column":1}},"38":{"start":{"line":111,"column":26},"end":{"line":111,"column":49}},"39":{"start":{"line":112,"column":22},"end":{"line":112,"column":46}},"40":{"start":{"line":115,"column":14},"end":{"line":117,"column":1}},"41":{"start":{"line":116,"column":30},"end":{"line":116,"column":52}}},"fnMap":{"0":{"name":"(anonymous_0)","decl":{"start":{"line":12,"column":19},"end":{"line":12,"column":20}},"loc":{"start":{"line":12,"column":30},"end":{"line":12,"column":52}},"line":12},"1":{"name":"(anonymous_1)","decl":{"start":{"line":19,"column":19},"end":{"line":19,"column":20}},"loc":{"start":{"line":19,"column":30},"end":{"line":19,"column":52}},"line":19},"2":{"name":"(anonymous_2)","decl":{"start":{"line":21,"column":39},"end":{"line":21,"column":40}},"loc":{"start":{"line":21,"column":50},"end":{"line":21,"column":74}},"line":21},"3":{"name":"(anonymous_3)","decl":{"start":{"line":28,"column":18},"end":{"line":28,"column":19}},"loc":{"start":{"line":28,"column":29},"end":{"line":28,"column":51}},"line":28},"4":{"name":"(anonymous_4)","decl":{"start":{"line":30,"column":39},"end":{"line":30,"column":40}},"loc":{"start":{"line":30,"column":50},"end":{"line":30,"column":74}},"line":30},"5":{"name":"(anonymous_5)","decl":{"start":{"line":31,"column":21},"end":{"line":31,"column":22}},"loc":{"start":{"line":31,"column":32},"end":{"line":31,"column":54}},"line":31},"6":{"name":"(anonymous_6)","decl":{"start":{"line":42,"column":39},"end":{"line":42,"column":40}},"loc":{"start":{"line":42,"column":50},"end":{"line":42,"column":74}},"line":42},"7":{"name":"(anonymous_7)","decl":{"start":{"line":52,"column":39},"end":{"line":52,"column":40}},"loc":{"start":{"line":52,"column":50},"end":{"line":52,"column":74}},"line":52},"8":{"name":"(anonymous_8)","decl":{"start":{"line":58,"column":19},"end":{"line":58,"column":20}},"loc":{"start":{"line":58,"column":30},"end":{"line":58,"column":52}},"line":58},"9":{"name":"(anonymous_9)","decl":{"start":{"line":63,"column":17},"end":{"line":63,"column":18}},"loc":{"start":{"line":63,"column":28},"end":{"line":63,"column":51}},"line":63},"10":{"name":"(anonymous_10)","decl":{"start":{"line":64,"column":13},"end":{"line":64,"column":14}},"loc":{"start":{"line":64,"column":24},"end":{"line":64,"column":48}},"line":64},"11":{"name":"(anonymous_11)","decl":{"start":{"line":65,"column":21},"end":{"line":65,"column":22}},"loc":{"start":{"line":65,"column":32},"end":{"line":65,"column":54}},"line":65},"12":{"name":"(anonymous_12)","decl":{"start":{"line":69,"column":17},"end":{"line":69,"column":18}},"loc":{"start":{"line":69,"column":28},"end":{"line":69,"column":51}},"line":69},"13":{"name":"(anonymous_13)","decl":{"start":{"line":70,"column":13},"end":{"line":70,"column":14}},"loc":{"start":{"line":70,"column":24},"end":{"line":70,"column":48}},"line":70},"14":{"name":"(anonymous_14)","decl":{"start":{"line":71,"column":21},"end":{"line":71,"column":22}},"loc":{"start":{"line":71,"column":32},"end":{"line":71,"column":54}},"line":71},"15":{"name":"(anonymous_15)","decl":{"start":{"line":75,"column":17},"end":{"line":75,"column":18}},"loc":{"start":{"line":75,"column":28},"end":{"line":75,"column":51}},"line":75},"16":{"name":"(anonymous_16)","decl":{"start":{"line":76,"column":13},"end":{"line":76,"column":14}},"loc":{"start":{"line":76,"column":24},"end":{"line":76,"column":48}},"line":76},"17":{"name":"(anonymous_17)","decl":{"start":{"line":77,"column":21},"end":{"line":77,"column":22}},"loc":{"start":{"line":77,"column":32},"end":{"line":77,"column":54}},"line":77},"18":{"name":"(anonymous_18)","decl":{"start":{"line":81,"column":15},"end":{"line":81,"column":16}},"loc":{"start":{"line":81,"column":26},"end":{"line":81,"column":49}},"line":81},"19":{"name":"(anonymous_19)","decl":{"start":{"line":82,"column":11},"end":{"line":82,"column":12}},"loc":{"start":{"line":82,"column":22},"end":{"line":82,"column":46}},"line":82},"20":{"name":"(anonymous_20)","decl":{"start":{"line":83,"column":19},"end":{"line":83,"column":20}},"loc":{"start":{"line":83,"column":30},"end":{"line":83,"column":52}},"line":83},"21":{"name":"(anonymous_21)","decl":{"start":{"line":91,"column":21},"end":{"line":91,"column":22}},"loc":{"start":{"line":91,"column":32},"end":{"line":91,"column":54}},"line":91},"22":{"name":"(anonymous_22)","decl":{"start":{"line":95,"column":18},"end":{"line":95,"column":19}},"loc":{"start":{"line":95,"column":29},"end":{"line":95,"column":51}},"line":95},"23":{"name":"(anonymous_23)","decl":{"start":{"line":101,"column":19},"end":{"line":101,"column":20}},"loc":{"start":{"line":101,"column":30},"end":{"line":101,"column":52}},"line":101},"24":{"name":"(anonymous_24)","decl":{"start":{"line":105,"column":15},"end":{"line":105,"column":16}},"loc":{"start":{"line":105,"column":26},"end":{"line":105,"column":49}},"line":105},"25":{"name":"(anonymous_25)","decl":{"start":{"line":106,"column":19},"end":{"line":106,"column":20}},"loc":{"start":{"line":106,"column":30},"end":{"line":106,"column":53}},"line":106},"26":{"name":"(anonymous_26)","decl":{"start":{"line":107,"column":11},"end":{"line":107,"column":12}},"loc":{"start":{"line":107,"column":22},"end":{"line":107,"column":46}},"line":107},"27":{"name":"(anonymous_27)","decl":{"start":{"line":111,"column":15},"end":{"line":111,"column":16}},"loc":{"start":{"line":111,"column":26},"end":{"line":111,"column":49}},"line":111},"28":{"name":"(anonymous_28)","decl":{"start":{"line":112,"column":11},"end":{"line":112,"column":12}},"loc":{"start":{"line":112,"column":22},"end":{"line":112,"column":46}},"line":112},"29":{"name":"(anonymous_29)","decl":{"start":{"line":116,"column":19},"end":{"line":116,"column":20}},"loc":{"start":{"line":116,"column":30},"end":{"line":116,"column":52}},"line":116}},"branchMap":{},"s":{"0":1,"1":1,"2":24,"3":1,"4":8,"5":8,"6":1,"7":8,"8":8,"9":8,"10":1,"11":8,"12":1,"13":8,"14":1,"15":32,"16":1,"17":8,"18":8,"19":8,"20":8,"21":8,"22":8,"23":8,"24":8,"25":8,"26":8,"27":8,"28":8,"29":8,"30":8,"31":1,"32":8,"33":1,"34":32,"35":32,"36":32,"37":1,"38":32,"39":32,"40":1,"41":24},"f":{"0":24,"1":8,"2":8,"3":8,"4":8,"5":8,"6":8,"7":8,"8":32,"9":8,"10":8,"11":8,"12":8,"13":8,"14":8,"15":8,"16":8,"17":8,"18":8,"19":8,"20":8,"21":8,"22":8,"23":8,"24":32,"25":32,"26":32,"27":32,"28":32,"29":24},"b":{},"_coverageSchema":"1a1c01bbd47fc00a2c39e90264f33305004495a9","hash":"32647d820407974c631a6eca50434740975b5d15"}
,"/home/frank/WebProjects/olympic-games/apps/client/src/features/athletes/components/AthleteThumbnailItem.jsx": {"path":"/home/frank/WebProjects/olympic-games/apps/client/src/features/athletes/components/AthleteThumbnailItem.jsx","statementMap":{"0":{"start":{"line":6,"column":29},"end":{"line":15,"column":1}},"1":{"start":{"line":7,"column":19},"end":{"line":7,"column":46}},"2":{"start":{"line":9,"column":2},"end":{"line":14,"column":3}}},"fnMap":{"0":{"name":"(anonymous_0)","decl":{"start":{"line":6,"column":29},"end":{"line":6,"column":30}},"loc":{"start":{"line":6,"column":46},"end":{"line":15,"column":1}},"line":6}},"branchMap":{},"s":{"0":1,"1":3,"2":3},"f":{"0":3},"b":{},"_coverageSchema":"1a1c01bbd47fc00a2c39e90264f33305004495a9","hash":"144da0d23b70c7c612c4ac12f03de6bf750b6fc9"}
,"/home/frank/WebProjects/olympic-games/apps/client/src/features/athletes/components/AthleteThumbnailItem.styles.js": {"path":"/home/frank/WebProjects/olympic-games/apps/client/src/features/athletes/components/AthleteThumbnailItem.styles.js","statementMap":{"0":{"start":{"line":4,"column":16},"end":{"line":6,"column":1}},"1":{"start":{"line":5,"column":31},"end":{"line":5,"column":53}},"2":{"start":{"line":8,"column":19},"end":{"line":17,"column":1}},"3":{"start":{"line":13,"column":50},"end":{"line":13,"column":74}},"4":{"start":{"line":19,"column":21},"end":{"line":25,"column":1}},"5":{"start":{"line":20,"column":27},"end":{"line":20,"column":49}},"6":{"start":{"line":21,"column":26},"end":{"line":21,"column":49}},"7":{"start":{"line":22,"column":22},"end":{"line":22,"column":46}}},"fnMap":{"0":{"name":"(anonymous_0)","decl":{"start":{"line":5,"column":20},"end":{"line":5,"column":21}},"loc":{"start":{"line":5,"column":31},"end":{"line":5,"column":53}},"line":5},"1":{"name":"(anonymous_1)","decl":{"start":{"line":13,"column":39},"end":{"line":13,"column":40}},"loc":{"start":{"line":13,"column":50},"end":{"line":13,"column":74}},"line":13},"2":{"name":"(anonymous_2)","decl":{"start":{"line":20,"column":16},"end":{"line":20,"column":17}},"loc":{"start":{"line":20,"column":27},"end":{"line":20,"column":49}},"line":20},"3":{"name":"(anonymous_3)","decl":{"start":{"line":21,"column":15},"end":{"line":21,"column":16}},"loc":{"start":{"line":21,"column":26},"end":{"line":21,"column":49}},"line":21},"4":{"name":"(anonymous_4)","decl":{"start":{"line":22,"column":11},"end":{"line":22,"column":12}},"loc":{"start":{"line":22,"column":22},"end":{"line":22,"column":46}},"line":22}},"branchMap":{},"s":{"0":1,"1":3,"2":1,"3":3,"4":1,"5":3,"6":3,"7":3},"f":{"0":3,"1":3,"2":3,"3":3,"4":3},"b":{},"_coverageSchema":"1a1c01bbd47fc00a2c39e90264f33305004495a9","hash":"e8a48c31df9c535532be87d32832620595acb782"}
,"/home/frank/WebProjects/olympic-games/apps/client/src/features/athletes/components/AthletesByGameList.jsx": {"path":"/home/frank/WebProjects/olympic-games/apps/client/src/features/athletes/components/AthletesByGameList.jsx","statementMap":{"0":{"start":{"line":8,"column":27},"end":{"line":37,"column":1}},"1":{"start":{"line":9,"column":56},"end":{"line":9,"column":80}},"2":{"start":{"line":11,"column":2},"end":{"line":17,"column":3}},"3":{"start":{"line":12,"column":4},"end":{"line":16,"column":5}},"4":{"start":{"line":19,"column":2},"end":{"line":21,"column":3}},"5":{"start":{"line":20,"column":4},"end":{"line":20,"column":32}},"6":{"start":{"line":23,"column":2},"end":{"line":36,"column":3}},"7":{"start":{"line":25,"column":25},"end":{"line":25,"column":69}}},"fnMap":{"0":{"name":"(anonymous_0)","decl":{"start":{"line":8,"column":27},"end":{"line":8,"column":28}},"loc":{"start":{"line":8,"column":33},"end":{"line":37,"column":1}},"line":8},"1":{"name":"(anonymous_1)","decl":{"start":{"line":25,"column":17},"end":{"line":25,"column":18}},"loc":{"start":{"line":25,"column":25},"end":{"line":25,"column":69}},"line":25}},"branchMap":{"0":{"loc":{"start":{"line":11,"column":2},"end":{"line":17,"column":3}},"type":"if","locations":[{"start":{"line":11,"column":2},"end":{"line":17,"column":3}},{"start":{},"end":{}}],"line":11},"1":{"loc":{"start":{"line":11,"column":6},"end":{"line":11,"column":35}},"type":"binary-expr","locations":[{"start":{"line":11,"column":6},"end":{"line":11,"column":13}},{"start":{"line":11,"column":17},"end":{"line":11,"column":35}}],"line":11},"2":{"loc":{"start":{"line":19,"column":2},"end":{"line":21,"column":3}},"type":"if","locations":[{"start":{"line":19,"column":2},"end":{"line":21,"column":3}},{"start":{},"end":{}}],"line":19},"3":{"loc":{"start":{"line":28,"column":8},"end":{"line":32,"column":26}},"type":"binary-expr","locations":[{"start":{"line":28,"column":8},"end":{"line":28,"column":15}},{"start":{"line":28,"column":19},"end":{"line":32,"column":26}}],"line":28},"4":{"loc":{"start":{"line":30,"column":13},"end":{"line":30,"column":44}},"type":"cond-expr","locations":[{"start":{"line":30,"column":23},"end":{"line":30,"column":35}},{"start":{"line":30,"column":38},"end":{"line":30,"column":44}}],"line":30}},"s":{"0":1,"1":5,"2":5,"3":1,"4":4,"5":1,"6":3,"7":6},"f":{"0":5,"1":6},"b":{"0":[1,4],"1":[5,1],"2":[1,3],"3":[3,2],"4":[0,2]},"_coverageSchema":"1a1c01bbd47fc00a2c39e90264f33305004495a9","hash":"11e5d1fcf913df1f395b7baef09b76682e71bfdb"}
,"/home/frank/WebProjects/olympic-games/apps/client/src/features/athletes/components/AthletesByGameList.styles.js": {"path":"/home/frank/WebProjects/olympic-games/apps/client/src/features/athletes/components/AthletesByGameList.styles.js","statementMap":{"0":{"start":{"line":3,"column":24},"end":{"line":8,"column":1}},"1":{"start":{"line":10,"column":23},"end":{"line":29,"column":1}},"2":{"start":{"line":16,"column":26},"end":{"line":16,"column":49}},"3":{"start":{"line":17,"column":33},"end":{"line":17,"column":59}},"4":{"start":{"line":18,"column":22},"end":{"line":18,"column":48}},"5":{"start":{"line":19,"column":24},"end":{"line":19,"column":46}},"6":{"start":{"line":24,"column":50},"end":{"line":24,"column":74}},"7":{"start":{"line":25,"column":26},"end":{"line":25,"column":49}}},"fnMap":{"0":{"name":"(anonymous_0)","decl":{"start":{"line":16,"column":15},"end":{"line":16,"column":16}},"loc":{"start":{"line":16,"column":26},"end":{"line":16,"column":49}},"line":16},"1":{"name":"(anonymous_1)","decl":{"start":{"line":17,"column":22},"end":{"line":17,"column":23}},"loc":{"start":{"line":17,"column":33},"end":{"line":17,"column":59}},"line":17},"2":{"name":"(anonymous_2)","decl":{"start":{"line":18,"column":11},"end":{"line":18,"column":12}},"loc":{"start":{"line":18,"column":22},"end":{"line":18,"column":48}},"line":18},"3":{"name":"(anonymous_3)","decl":{"start":{"line":19,"column":13},"end":{"line":19,"column":14}},"loc":{"start":{"line":19,"column":24},"end":{"line":19,"column":46}},"line":19},"4":{"name":"(anonymous_4)","decl":{"start":{"line":24,"column":39},"end":{"line":24,"column":40}},"loc":{"start":{"line":24,"column":50},"end":{"line":24,"column":74}},"line":24},"5":{"name":"(anonymous_5)","decl":{"start":{"line":25,"column":15},"end":{"line":25,"column":16}},"loc":{"start":{"line":25,"column":26},"end":{"line":25,"column":49}},"line":25}},"branchMap":{},"s":{"0":1,"1":1,"2":2,"3":2,"4":2,"5":2,"6":2,"7":2},"f":{"0":2,"1":2,"2":2,"3":2,"4":2,"5":2},"b":{},"_coverageSchema":"1a1c01bbd47fc00a2c39e90264f33305004495a9","hash":"393cc2c1bd6b72727d4812f3dab45dd3c3e23447"}
,"/home/frank/WebProjects/olympic-games/apps/client/src/features/athletes/components/GameResultsItem.jsx": {"path":"/home/frank/WebProjects/olympic-games/apps/client/src/features/athletes/components/GameResultsItem.jsx","statementMap":{"0":{"start":{"line":6,"column":24},"end":{"line":25,"column":1}},"1":{"start":{"line":7,"column":2},"end":{"line":24,"column":3}},"2":{"start":{"line":16,"column":14},"end":{"line":18,"column":34}}},"fnMap":{"0":{"name":"(anonymous_0)","decl":{"start":{"line":6,"column":24},"end":{"line":6,"column":25}},"loc":{"start":{"line":6,"column":38},"end":{"line":25,"column":1}},"line":6},"1":{"name":"(anonymous_1)","decl":{"start":{"line":15,"column":38},"end":{"line":15,"column":39}},"loc":{"start":{"line":16,"column":14},"end":{"line":18,"column":34}},"line":16}},"branchMap":{"0":{"loc":{"start":{"line":13,"column":10},"end":{"line":20,"column":13}},"type":"cond-expr","locations":[{"start":{"line":14,"column":14},"end":{"line":14,"column":82}},{"start":{"line":15,"column":14},"end":{"line":20,"column":13}}],"line":13}},"s":{"0":1,"1":6,"2":3},"f":{"0":6,"1":3},"b":{"0":[3,3]},"_coverageSchema":"1a1c01bbd47fc00a2c39e90264f33305004495a9","hash":"2ddaadd40f5cf869b2ba3009434d37a4c6a04eb1"}
,"/home/frank/WebProjects/olympic-games/apps/client/src/features/athletes/components/GameResultsItem.styles.js": {"path":"/home/frank/WebProjects/olympic-games/apps/client/src/features/athletes/components/GameResultsItem.styles.js","statementMap":{"0":{"start":{"line":4,"column":16},"end":{"line":7,"column":1}},"1":{"start":{"line":5,"column":30},"end":{"line":5,"column":52}},"2":{"start":{"line":9,"column":14},"end":{"line":13,"column":1}},"3":{"start":{"line":10,"column":26},"end":{"line":10,"column":49}},"4":{"start":{"line":11,"column":22},"end":{"line":11,"column":46}},"5":{"start":{"line":12,"column":30},"end":{"line":12,"column":52}},"6":{"start":{"line":15,"column":21},"end":{"line":19,"column":1}},"7":{"start":{"line":16,"column":26},"end":{"line":16,"column":49}},"8":{"start":{"line":17,"column":22},"end":{"line":17,"column":46}},"9":{"start":{"line":21,"column":20},"end":{"line":48,"column":1}},"10":{"start":{"line":30,"column":44},"end":{"line":30,"column":70}},"11":{"start":{"line":38,"column":29},"end":{"line":38,"column":55}},"12":{"start":{"line":42,"column":31},"end":{"line":42,"column":53}},"13":{"start":{"line":50,"column":26},"end":{"line":52,"column":1}}},"fnMap":{"0":{"name":"(anonymous_0)","decl":{"start":{"line":5,"column":19},"end":{"line":5,"column":20}},"loc":{"start":{"line":5,"column":30},"end":{"line":5,"column":52}},"line":5},"1":{"name":"(anonymous_1)","decl":{"start":{"line":10,"column":15},"end":{"line":10,"column":16}},"loc":{"start":{"line":10,"column":26},"end":{"line":10,"column":49}},"line":10},"2":{"name":"(anonymous_2)","decl":{"start":{"line":11,"column":11},"end":{"line":11,"column":12}},"loc":{"start":{"line":11,"column":22},"end":{"line":11,"column":46}},"line":11},"3":{"name":"(anonymous_3)","decl":{"start":{"line":12,"column":19},"end":{"line":12,"column":20}},"loc":{"start":{"line":12,"column":30},"end":{"line":12,"column":52}},"line":12},"4":{"name":"(anonymous_4)","decl":{"start":{"line":16,"column":15},"end":{"line":16,"column":16}},"loc":{"start":{"line":16,"column":26},"end":{"line":16,"column":49}},"line":16},"5":{"name":"(anonymous_5)","decl":{"start":{"line":17,"column":11},"end":{"line":17,"column":12}},"loc":{"start":{"line":17,"column":22},"end":{"line":17,"column":46}},"line":17},"6":{"name":"(anonymous_6)","decl":{"start":{"line":30,"column":33},"end":{"line":30,"column":34}},"loc":{"start":{"line":30,"column":44},"end":{"line":30,"column":70}},"line":30},"7":{"name":"(anonymous_7)","decl":{"start":{"line":38,"column":18},"end":{"line":38,"column":19}},"loc":{"start":{"line":38,"column":29},"end":{"line":38,"column":55}},"line":38},"8":{"name":"(anonymous_8)","decl":{"start":{"line":42,"column":20},"end":{"line":42,"column":21}},"loc":{"start":{"line":42,"column":31},"end":{"line":42,"column":53}},"line":42}},"branchMap":{},"s":{"0":1,"1":6,"2":1,"3":6,"4":6,"5":6,"6":1,"7":3,"8":3,"9":1,"10":6,"11":6,"12":6,"13":1},"f":{"0":6,"1":6,"2":6,"3":6,"4":3,"5":3,"6":6,"7":6,"8":6},"b":{},"_coverageSchema":"1a1c01bbd47fc00a2c39e90264f33305004495a9","hash":"c5b04bd67cef6debcd9ea6defe243e96ee22b442"}
,"/home/frank/WebProjects/olympic-games/apps/client/src/features/athletes/components/MedalResult.jsx": {"path":"/home/frank/WebProjects/olympic-games/apps/client/src/features/athletes/components/MedalResult.jsx","statementMap":{"0":{"start":{"line":9,"column":2},"end":{"line":18,"column":3}},"1":{"start":{"line":11,"column":6},"end":{"line":11,"column":67}},"2":{"start":{"line":13,"column":6},"end":{"line":13,"column":71}},"3":{"start":{"line":15,"column":6},"end":{"line":15,"column":71}},"4":{"start":{"line":17,"column":6},"end":{"line":17,"column":17}},"5":{"start":{"line":21,"column":20},"end":{"line":29,"column":1}},"6":{"start":{"line":22,"column":2},"end":{"line":28,"column":3}}},"fnMap":{"0":{"name":"getMedalImage","decl":{"start":{"line":8,"column":9},"end":{"line":8,"column":22}},"loc":{"start":{"line":8,"column":30},"end":{"line":19,"column":1}},"line":8},"1":{"name":"(anonymous_1)","decl":{"start":{"line":21,"column":20},"end":{"line":21,"column":21}},"loc":{"start":{"line":21,"column":42},"end":{"line":29,"column":1}},"line":21}},"branchMap":{"0":{"loc":{"start":{"line":9,"column":2},"end":{"line":18,"column":3}},"type":"switch","locations":[{"start":{"line":10,"column":4},"end":{"line":11,"column":67}},{"start":{"line":12,"column":4},"end":{"line":13,"column":71}},{"start":{"line":14,"column":4},"end":{"line":15,"column":71}},{"start":{"line":16,"column":4},"end":{"line":17,"column":17}}],"line":9}},"s":{"0":27,"1":9,"2":9,"3":9,"4":0,"5":2,"6":27},"f":{"0":27,"1":27},"b":{"0":[9,9,9,0]},"_coverageSchema":"1a1c01bbd47fc00a2c39e90264f33305004495a9","hash":"be2139ba9573297efeea4c1bbb2e111e30071a77"}
,"/home/frank/WebProjects/olympic-games/apps/client/src/features/athletes/components/MedalResult.styles.js": {"path":"/home/frank/WebProjects/olympic-games/apps/client/src/features/athletes/components/MedalResult.styles.js","statementMap":{"0":{"start":{"line":3,"column":16},"end":{"line":20,"column":1}},"1":{"start":{"line":8,"column":29},"end":{"line":8,"column":52}},"2":{"start":{"line":11,"column":28},"end":{"line":11,"column":51}},"3":{"start":{"line":12,"column":24},"end":{"line":12,"column":48}},"4":{"start":{"line":18,"column":32},"end":{"line":18,"column":55}}},"fnMap":{"0":{"name":"(anonymous_0)","decl":{"start":{"line":8,"column":18},"end":{"line":8,"column":19}},"loc":{"start":{"line":8,"column":29},"end":{"line":8,"column":52}},"line":8},"1":{"name":"(anonymous_1)","decl":{"start":{"line":11,"column":17},"end":{"line":11,"column":18}},"loc":{"start":{"line":11,"column":28},"end":{"line":11,"column":51}},"line":11},"2":{"name":"(anonymous_2)","decl":{"start":{"line":12,"column":13},"end":{"line":12,"column":14}},"loc":{"start":{"line":12,"column":24},"end":{"line":12,"column":48}},"line":12},"3":{"name":"(anonymous_3)","decl":{"start":{"line":18,"column":21},"end":{"line":18,"column":22}},"loc":{"start":{"line":18,"column":32},"end":{"line":18,"column":55}},"line":18}},"branchMap":{},"s":{"0":2,"1":27,"2":27,"3":27,"4":27},"f":{"0":27,"1":27,"2":27,"3":27},"b":{},"_coverageSchema":"1a1c01bbd47fc00a2c39e90264f33305004495a9","hash":"e187570936943a9a55504861b2377ded377660e7"}
,"/home/frank/WebProjects/olympic-games/apps/client/src/features/athletes/contexts/AthletesByGameContext.jsx": {"path":"/home/frank/WebProjects/olympic-games/apps/client/src/features/athletes/contexts/AthletesByGameContext.jsx","statementMap":{"0":{"start":{"line":3,"column":30},"end":{"line":3,"column":49}},"1":{"start":{"line":5,"column":30},"end":{"line":12,"column":1}},"2":{"start":{"line":6,"column":30},"end":{"line":6,"column":41}},"3":{"start":{"line":8,"column":2},"end":{"line":11,"column":48}}},"fnMap":{"0":{"name":"(anonymous_0)","decl":{"start":{"line":5,"column":30},"end":{"line":5,"column":31}},"loc":{"start":{"line":5,"column":48},"end":{"line":12,"column":1}},"line":5}},"branchMap":{},"s":{"0":1,"1":1,"2":0,"3":0},"f":{"0":0},"b":{},"_coverageSchema":"1a1c01bbd47fc00a2c39e90264f33305004495a9","hash":"645ea95e37beec7fef7ebbae00da053035ac03bb"}
,"/home/frank/WebProjects/olympic-games/apps/client/src/features/athletes/hooks/useAthletesByGameQuery.js": {"path":"/home/frank/WebProjects/olympic-games/apps/client/src/features/athletes/hooks/useAthletesByGameQuery.js","statementMap":{"0":{"start":{"line":8,"column":25},"end":{"line":8,"column":63}},"1":{"start":{"line":10,"column":41},"end":{"line":10,"column":75}},"2":{"start":{"line":20,"column":2},"end":{"line":25,"column":3}},"3":{"start":{"line":34,"column":32},"end":{"line":34,"column":65}},"4":{"start":{"line":35,"column":65},"end":{"line":41,"column":4}},"5":{"start":{"line":43,"column":2},"end":{"line":54,"column":3}},"6":{"start":{"line":46,"column":35},"end":{"line":49,"column":5}},"7":{"start":{"line":51,"column":6},"end":{"line":51,"column":34}}},"fnMap":{"0":{"name":"updateData","decl":{"start":{"line":19,"column":9},"end":{"line":19,"column":19}},"loc":{"start":{"line":19,"column":51},"end":{"line":26,"column":1}},"line":19},"1":{"name":"useAthletesByGameQuery","decl":{"start":{"line":33,"column":9},"end":{"line":33,"column":31}},"loc":{"start":{"line":33,"column":35},"end":{"line":55,"column":1}},"line":33},"2":{"name":"(anonymous_2)","decl":{"start":{"line":46,"column":26},"end":{"line":46,"column":27}},"loc":{"start":{"line":46,"column":35},"end":{"line":49,"column":5}},"line":46},"3":{"name":"(anonymous_3)","decl":{"start":{"line":50,"column":4},"end":{"line":50,"column":5}},"loc":{"start":{"line":50,"column":17},"end":{"line":52,"column":5}},"line":50}},"branchMap":{"0":{"loc":{"start":{"line":35,"column":32},"end":{"line":35,"column":60}},"type":"default-arg","locations":[{"start":{"line":35,"column":44},"end":{"line":35,"column":60}}],"line":35}},"s":{"0":1,"1":1,"2":0,"3":0,"4":0,"5":0,"6":0,"7":0},"f":{"0":0,"1":0,"2":0,"3":0},"b":{"0":[0]},"_coverageSchema":"1a1c01bbd47fc00a2c39e90264f33305004495a9","hash":"aff2bcaef57c741af35f88e1b2a7f8517ebe74d9"}
,"/home/frank/WebProjects/olympic-games/apps/client/src/styles/Normalize.styles.jsx": {"path":"/home/frank/WebProjects/olympic-games/apps/client/src/styles/Normalize.styles.jsx","statementMap":{"0":{"start":{"line":3,"column":21},"end":{"line":59,"column":1}},"1":{"start":{"line":31,"column":52},"end":{"line":31,"column":76}},"2":{"start":{"line":35,"column":52},"end":{"line":35,"column":76}}},"fnMap":{"0":{"name":"(anonymous_0)","decl":{"start":{"line":31,"column":41},"end":{"line":31,"column":42}},"loc":{"start":{"line":31,"column":52},"end":{"line":31,"column":76}},"line":31},"1":{"name":"(anonymous_1)","decl":{"start":{"line":35,"column":41},"end":{"line":35,"column":42}},"loc":{"start":{"line":35,"column":52},"end":{"line":35,"column":76}},"line":35}},"branchMap":{},"s":{"0":3,"1":0,"2":0},"f":{"0":0,"1":0},"b":{},"_coverageSchema":"1a1c01bbd47fc00a2c39e90264f33305004495a9","hash":"cc842332749916de5a64faae03b80b59750aacf9"}
,"/home/frank/WebProjects/olympic-games/apps/client/src/styles/index.js": {"path":"/home/frank/WebProjects/olympic-games/apps/client/src/styles/index.js","statementMap":{},"fnMap":{},"branchMap":{},"s":{},"f":{},"b":{},"_coverageSchema":"1a1c01bbd47fc00a2c39e90264f33305004495a9","hash":"44064dcbe2a2bca7d4f48965cc0eeeffd0e67752"}
,"/home/frank/WebProjects/olympic-games/apps/client/src/styles/theme.js": {"path":"/home/frank/WebProjects/olympic-games/apps/client/src/styles/theme.js","statementMap":{"0":{"start":{"line":1,"column":14},"end":{"line":34,"column":1}}},"fnMap":{},"branchMap":{},"s":{"0":3},"f":{},"b":{},"_coverageSchema":"1a1c01bbd47fc00a2c39e90264f33305004495a9","hash":"a3502d1b7c3f4b498b3a8b11c67ad2d3fb3d7a50"}
,"/home/frank/WebProjects/olympic-games/apps/client/src/utils/errors.js": {"path":"/home/frank/WebProjects/olympic-games/apps/client/src/utils/errors.js","statementMap":{"0":{"start":{"line":1,"column":19},"end":{"line":4,"column":1}},"1":{"start":{"line":7,"column":2},"end":{"line":24,"column":3}},"2":{"start":{"line":8,"column":26},"end":{"line":8,"column":31}},"3":{"start":{"line":9,"column":25},"end":{"line":9,"column":51}},"4":{"start":{"line":10,"column":18},"end":{"line":10,"column":69}},"5":{"start":{"line":10,"column":49},"end":{"line":10,"column":68}},"6":{"start":{"line":12,"column":4},"end":{"line":14,"column":5}},"7":{"start":{"line":13,"column":6},"end":{"line":13,"column":17}},"8":{"start":{"line":16,"column":4},"end":{"line":21,"column":5}},"9":{"start":{"line":18,"column":8},"end":{"line":18,"column":35}},"10":{"start":{"line":20,"column":8},"end":{"line":20,"column":65}},"11":{"start":{"line":23,"column":4},"end":{"line":23,"column":61}}},"fnMap":{"0":{"name":"getFirstErrorMessage","decl":{"start":{"line":6,"column":9},"end":{"line":6,"column":29}},"loc":{"start":{"line":6,"column":38},"end":{"line":25,"column":1}},"line":6},"1":{"name":"(anonymous_1)","decl":{"start":{"line":10,"column":42},"end":{"line":10,"column":43}},"loc":{"start":{"line":10,"column":49},"end":{"line":10,"column":68}},"line":10}},"branchMap":{"0":{"loc":{"start":{"line":12,"column":4},"end":{"line":14,"column":5}},"type":"if","locations":[{"start":{"line":12,"column":4},"end":{"line":14,"column":5}},{"start":{},"end":{}}],"line":12},"1":{"loc":{"start":{"line":16,"column":4},"end":{"line":21,"column":5}},"type":"switch","locations":[{"start":{"line":17,"column":6},"end":{"line":18,"column":35}},{"start":{"line":19,"column":6},"end":{"line":20,"column":65}}],"line":16}},"s":{"0":2,"1":1,"2":1,"3":1,"4":0,"5":0,"6":0,"7":0,"8":0,"9":0,"10":0,"11":1},"f":{"0":1,"1":0},"b":{"0":[0,0],"1":[0,0]},"_coverageSchema":"1a1c01bbd47fc00a2c39e90264f33305004495a9","hash":"9359588e9917099a95d9a9996e1d9d6db93dc6a1"}
}
