TN:
SF:src/components/feedback/Error.jsx
FN:7,(anonymous_0)
FNF:1
FNH:1
FNDA:1,(anonymous_0)
DA:7,2
DA:8,1
DA:10,1
LF:3
LH:3
BRF:0
BRH:0
end_of_record
TN:
SF:src/components/feedback/Error.styles.js
FNF:0
FNH:0
DA:3,2
LF:1
LH:1
BRF:0
BRH:0
end_of_record
TN:
SF:src/components/feedback/Progress.jsx
FN:5,(anonymous_0)
FNF:1
FNH:1
FNDA:1,(anonymous_0)
DA:5,2
DA:6,1
LF:2
LH:2
BRF:0
BRH:0
end_of_record
TN:
SF:src/components/feedback/Progress.styles.jsx
FN:15,(anonymous_0)
FNF:1
FNH:1
FNDA:1,(anonymous_0)
DA:3,2
DA:4,2
DA:13,2
DA:15,1
LF:4
LH:4
BRF:0
BRH:0
end_of_record
TN:
SF:src/components/feedback/Typography.jsx
FN:5,(anonymous_0)
FNF:1
FNH:1
FNDA:25,(anonymous_0)
DA:5,2
DA:6,25
DA:8,25
DA:10,0
DA:12,0
DA:14,16
DA:16,9
DA:18,0
LF:8
LH:5
BRDA:8,0,0,0
BRDA:8,0,1,0
BRDA:8,0,2,16
BRDA:8,0,3,9
BRDA:8,0,4,0
BRF:5
BRH:2
end_of_record
TN:
SF:src/components/feedback/Typography.styles.js
FN:4,(anonymous_0)
FN:6,(anonymous_1)
FN:10,(anonymous_2)
FN:12,(anonymous_3)
FN:16,(anonymous_4)
FN:17,(anonymous_5)
FN:21,(anonymous_6)
FN:22,(anonymous_7)
FNF:8
FNH:4
FNDA:0,(anonymous_0)
FNDA:0,(anonymous_1)
FNDA:0,(anonymous_2)
FNDA:0,(anonymous_3)
FNDA:16,(anonymous_4)
FNDA:16,(anonymous_5)
FNDA:9,(anonymous_6)
FNDA:9,(anonymous_7)
DA:3,2
DA:4,0
DA:6,0
DA:9,2
DA:10,0
DA:12,0
DA:15,2
DA:16,16
DA:17,16
DA:20,2
DA:21,9
DA:22,9
LF:12
LH:8
BRF:0
BRH:0
end_of_record
TN:
SF:src/components/feedback/index.js
FNF:0
FNH:0
LF:0
LH:0
BRF:0
BRH:0
end_of_record
TN:
SF:src/features/athletes/queries.js
FNF:0
FNH:0
DA:1,1
DA:25,1
LF:2
LH:2
BRF:0
BRH:0
end_of_record
TN:
SF:src/features/athletes/utils.js
FN:1,getAthleteFullName
FNF:1
FNH:1
FNDA:11,getAthleteFullName
DA:2,11
LF:1
LH:1
BRF:0
BRH:0
end_of_record
TN:
SF:src/features/athletes/components/AthleteDetail.jsx
FN:20,(anonymous_0)
FN:54,(anonymous_1)
FNF:2
FNH:2
FNDA:8,(anonymous_0)
FNDA:8,(anonymous_1)
DA:20,1
DA:21,8
DA:23,8
DA:55,8
LF:4
LH:4
BRF:0
BRH:0
end_of_record
TN:
SF:src/features/athletes/components/AthleteDetail.styles.js
FN:12,(anonymous_0)
FN:19,(anonymous_1)
FN:21,(anonymous_2)
FN:28,(anonymous_3)
FN:30,(anonymous_4)
FN:31,(anonymous_5)
FN:42,(anonymous_6)
FN:52,(anonymous_7)
FN:58,(anonymous_8)
FN:63,(anonymous_9)
FN:64,(anonymous_10)
FN:65,(anonymous_11)
FN:69,(anonymous_12)
FN:70,(anonymous_13)
FN:71,(anonymous_14)
FN:75,(anonymous_15)
FN:76,(anonymous_16)
FN:77,(anonymous_17)
FN:81,(anonymous_18)
FN:82,(anonymous_19)
FN:83,(anonymous_20)
FN:91,(anonymous_21)
FN:95,(anonymous_22)
FN:101,(anonymous_23)
FN:105,(anonymous_24)
FN:106,(anonymous_25)
FN:107,(anonymous_26)
FN:111,(anonymous_27)
FN:112,(anonymous_28)
FN:116,(anonymous_29)
FNF:30
FNH:30
FNDA:24,(anonymous_0)
FNDA:8,(anonymous_1)
FNDA:8,(anonymous_2)
FNDA:8,(anonymous_3)
FNDA:8,(anonymous_4)
FNDA:8,(anonymous_5)
FNDA:8,(anonymous_6)
FNDA:8,(anonymous_7)
FNDA:32,(anonymous_8)
FNDA:8,(anonymous_9)
FNDA:8,(anonymous_10)
FNDA:8,(anonymous_11)
FNDA:8,(anonymous_12)
FNDA:8,(anonymous_13)
FNDA:8,(anonymous_14)
FNDA:8,(anonymous_15)
FNDA:8,(anonymous_16)
FNDA:8,(anonymous_17)
FNDA:8,(anonymous_18)
FNDA:8,(anonymous_19)
FNDA:8,(anonymous_20)
FNDA:8,(anonymous_21)
FNDA:8,(anonymous_22)
FNDA:8,(anonymous_23)
FNDA:32,(anonymous_24)
FNDA:32,(anonymous_25)
FNDA:32,(anonymous_26)
FNDA:32,(anonymous_27)
FNDA:32,(anonymous_28)
FNDA:24,(anonymous_29)
DA:6,1
DA:11,1
DA:12,24
DA:15,1
DA:19,8
DA:21,8
DA:27,1
DA:28,8
DA:30,8
DA:31,8
DA:36,1
DA:42,8
DA:48,1
DA:52,8
DA:57,1
DA:58,32
DA:61,1
DA:63,8
DA:64,8
DA:65,8
DA:69,8
DA:70,8
DA:71,8
DA:75,8
DA:76,8
DA:77,8
DA:81,8
DA:82,8
DA:83,8
DA:91,8
DA:95,8
DA:99,1
DA:101,8
DA:104,1
DA:105,32
DA:106,32
DA:107,32
DA:110,1
DA:111,32
DA:112,32
DA:115,1
DA:116,24
LF:42
LH:42
BRF:0
BRH:0
end_of_record
TN:
SF:src/features/athletes/components/AthleteThumbnailItem.jsx
FN:6,(anonymous_0)
FNF:1
FNH:1
FNDA:3,(anonymous_0)
DA:6,1
DA:7,3
DA:9,3
LF:3
LH:3
BRF:0
BRH:0
end_of_record
TN:
SF:src/features/athletes/components/AthleteThumbnailItem.styles.js
FN:5,(anonymous_0)
FN:13,(anonymous_1)
FN:20,(anonymous_2)
FN:21,(anonymous_3)
FN:22,(anonymous_4)
FNF:5
FNH:5
FNDA:3,(anonymous_0)
FNDA:3,(anonymous_1)
FNDA:3,(anonymous_2)
FNDA:3,(anonymous_3)
FNDA:3,(anonymous_4)
DA:4,1
DA:5,3
DA:8,1
DA:13,3
DA:19,1
DA:20,3
DA:21,3
DA:22,3
LF:8
LH:8
BRF:0
BRH:0
end_of_record
TN:
SF:src/features/athletes/components/AthletesByGameList.jsx
FN:8,(anonymous_0)
FN:25,(anonymous_1)
FNF:2
FNH:2
FNDA:5,(anonymous_0)
FNDA:6,(anonymous_1)
DA:8,1
DA:9,5
DA:11,5
DA:12,1
DA:19,4
DA:20,1
DA:23,3
DA:25,6
LF:8
LH:8
BRDA:11,0,0,1
BRDA:11,0,1,4
BRDA:11,1,0,5
BRDA:11,1,1,1
BRDA:19,2,0,1
BRDA:19,2,1,3
BRDA:28,3,0,3
BRDA:28,3,1,2
BRDA:30,4,0,0
BRDA:30,4,1,2
BRF:10
BRH:9
end_of_record
TN:
SF:src/features/athletes/components/AthletesByGameList.styles.js
FN:16,(anonymous_0)
FN:17,(anonymous_1)
FN:18,(anonymous_2)
FN:19,(anonymous_3)
FN:24,(anonymous_4)
FN:25,(anonymous_5)
FNF:6
FNH:6
FNDA:2,(anonymous_0)
FNDA:2,(anonymous_1)
FNDA:2,(anonymous_2)
FNDA:2,(anonymous_3)
FNDA:2,(anonymous_4)
FNDA:2,(anonymous_5)
DA:3,1
DA:10,1
DA:16,2
DA:17,2
DA:18,2
DA:19,2
DA:24,2
DA:25,2
LF:8
LH:8
BRF:0
BRH:0
end_of_record
TN:
SF:src/features/athletes/components/GameResultsItem.jsx
FN:6,(anonymous_0)
FN:15,(anonymous_1)
FNF:2
FNH:2
FNDA:6,(anonymous_0)
FNDA:3,(anonymous_1)
DA:6,1
DA:7,6
DA:16,3
LF:3
LH:3
BRDA:13,0,0,3
BRDA:13,0,1,3
BRF:2
BRH:2
end_of_record
TN:
SF:src/features/athletes/components/GameResultsItem.styles.js
FN:5,(anonymous_0)
FN:10,(anonymous_1)
FN:11,(anonymous_2)
FN:12,(anonymous_3)
FN:16,(anonymous_4)
FN:17,(anonymous_5)
FN:30,(anonymous_6)
FN:38,(anonymous_7)
FN:42,(anonymous_8)
FNF:9
FNH:9
FNDA:6,(anonymous_0)
FNDA:6,(anonymous_1)
FNDA:6,(anonymous_2)
FNDA:6,(anonymous_3)
FNDA:3,(anonymous_4)
FNDA:3,(anonymous_5)
FNDA:6,(anonymous_6)
FNDA:6,(anonymous_7)
FNDA:6,(anonymous_8)
DA:4,1
DA:5,6
DA:9,1
DA:10,6
DA:11,6
DA:12,6
DA:15,1
DA:16,3
DA:17,3
DA:21,1
DA:30,6
DA:38,6
DA:42,6
DA:50,1
LF:14
LH:14
BRF:0
BRH:0
end_of_record
TN:
SF:src/features/athletes/components/MedalResult.jsx
FN:8,getMedalImage
FN:21,(anonymous_1)
FNF:2
FNH:2
FNDA:27,getMedalImage
FNDA:27,(anonymous_1)
DA:9,27
DA:11,9
DA:13,9
DA:15,9
DA:17,0
DA:21,2
DA:22,27
LF:7
LH:6
BRDA:9,0,0,9
BRDA:9,0,1,9
BRDA:9,0,2,9
BRDA:9,0,3,0
BRF:4
BRH:3
end_of_record
TN:
SF:src/features/athletes/components/MedalResult.styles.js
FN:8,(anonymous_0)
FN:11,(anonymous_1)
FN:12,(anonymous_2)
FN:18,(anonymous_3)
FNF:4
FNH:4
FNDA:27,(anonymous_0)
FNDA:27,(anonymous_1)
FNDA:27,(anonymous_2)
FNDA:27,(anonymous_3)
DA:3,2
DA:8,27
DA:11,27
DA:12,27
DA:18,27
LF:5
LH:5
BRF:0
BRH:0
end_of_record
TN:
SF:src/features/athletes/contexts/AthletesByGameContext.jsx
FN:5,(anonymous_0)
FNF:1
FNH:0
FNDA:0,(anonymous_0)
DA:3,1
DA:5,1
DA:6,0
DA:8,0
LF:4
LH:2
BRF:0
BRH:0
end_of_record
TN:
SF:src/features/athletes/hooks/useAthletesByGameQuery.js
FN:19,updateData
FN:33,useAthletesByGameQuery
FN:46,(anonymous_2)
FN:50,(anonymous_3)
FNF:4
FNH:0
FNDA:0,updateData
FNDA:0,useAthletesByGameQuery
FNDA:0,(anonymous_2)
FNDA:0,(anonymous_3)
DA:8,1
DA:10,1
DA:20,0
DA:34,0
DA:35,0
DA:43,0
DA:46,0
DA:51,0
LF:8
LH:2
BRDA:35,0,0,0
BRF:1
BRH:0
end_of_record
TN:
SF:src/styles/Normalize.styles.jsx
FN:31,(anonymous_0)
FN:35,(anonymous_1)
FNF:2
FNH:0
FNDA:0,(anonymous_0)
FNDA:0,(anonymous_1)
DA:3,3
DA:31,0
DA:35,0
LF:3
LH:1
BRF:0
BRH:0
end_of_record
TN:
SF:src/styles/index.js
FNF:0
FNH:0
LF:0
LH:0
BRF:0
BRH:0
end_of_record
TN:
SF:src/styles/theme.js
FNF:0
FNH:0
DA:1,3
LF:1
LH:1
BRF:0
BRH:0
end_of_record
TN:
SF:src/utils/errors.js
FN:6,getFirstErrorMessage
FN:10,(anonymous_1)
FNF:2
FNH:1
FNDA:1,getFirstErrorMessage
FNDA:0,(anonymous_1)
DA:1,2
DA:7,1
DA:8,1
DA:9,1
DA:10,0
DA:12,0
DA:13,0
DA:16,0
DA:18,0
DA:20,0
DA:23,1
LF:11
LH:5
BRDA:12,0,0,0
BRDA:12,0,1,0
BRDA:16,1,0,0
BRDA:16,1,1,0
BRF:4
BRH:0
end_of_record
